<?xml version="1.0" encoding="UTF-8"?>
<!-- Generated by org.testng.reporters.JUnitXMLReporter -->
<testsuite ignored="0" hostname="Princys-MacBook-Air.local" failures="0" tests="4" name="Error Validation Test" time="22.879" errors="0" timestamp="19 Jun 2025 13:24:48 GMT">
  <testcase classname="Princyacademy.ErrorValidations" name="loginErrorValidation" time="0.933"/>
  <testcase classname="Princyacademy.ErrorValidations" name="loginErrorValidation" time="1.143"/>
  <testcase classname="Princyacademy.ErrorValidations" name="productErrorValidation" time="2.801"/>
  <testcase classname="Princyacademy.ErrorValidations" name="productErrorValidation" time="2.82"/>
</testsuite> <!-- Error Validation Test -->
