<?xml version="1.0" encoding="UTF-8"?>
<!-- Generated by org.testng.reporters.JUnitXMLReporter -->
<testsuite ignored="0" hostname="Princys-MacBook-Air.local" failures="0" tests="4" name="Submit Order Test" time="22.534" errors="0" timestamp="19 Jun 2025 13:24:47 GMT">
  <testcase classname="Princyacademy.SubmitOrder" name="submitOrder" time="3.645"/>
  <testcase classname="Princyacademy.SubmitOrder" name="submitOrder" time="3.405"/>
  <testcase classname="Princyacademy.SubmitOrder" name="orderHistory" time="0.395"/>
  <testcase classname="Princyacademy.SubmitOrder" name="orderHistory" time="0.394"/>
</testsuite> <!-- Submit Order Test -->
