<?xml version="1.0" encoding="UTF-8"?>
<testng-results ignored="0" total="8" passed="8" failed="0" skipped="0">
  <reporter-output>
  </reporter-output>
  <suite started-at="2025-06-19T13:24:25Z" name="Suite" finished-at="2025-06-19T13:24:48Z" duration-ms="22879">
    <groups>
      <group name="Purchase">
        <method signature="SubmitOrder.submitOrder(java.util.HashMap)[pri:0, instance:Princyacademy.SubmitOrder@a4add54]" name="submitOrder" class="Princyacademy.SubmitOrder"/>
      </group> <!-- Purchase -->
      <group name="ErrorHandling">
        <method signature="ErrorValidations.loginErrorValidation(java.util.HashMap)[pri:0, instance:Princyacademy.ErrorValidations@484094a5]" name="loginErrorValidation" class="Princyacademy.ErrorValidations"/>
      </group> <!-- ErrorHandling -->
    </groups>
    <test started-at="2025-06-19T13:24:25Z" name="Error Validation Test" finished-at="2025-06-19T13:24:48Z" duration-ms="22879">
      <class name="Princyacademy.ErrorValidations">
        <test-method is-config="true" signature="launchApplication()[pri:0, instance:Princyacademy.ErrorValidations@484094a5]" started-at="2025-06-19T13:24:25Z" name="launchApplication" finished-at="2025-06-19T13:24:33Z" duration-ms="8282" status="PASS">
          <reporter-output>
          </reporter-output>
        </test-method> <!-- launchApplication -->
        <test-method signature="loginErrorValidation(java.util.HashMap)[pri:0, instance:Princyacademy.ErrorValidations@484094a5]" started-at="2025-06-19T13:24:33Z" name="loginErrorValidation" data-provider="getData" finished-at="2025-06-19T13:24:34Z" duration-ms="933" status="PASS">
          <params>
            <param index="0">
              <value>
                <![CDATA[{password=P12345678g@, product=ADIDAS ORIGINAL, email=princygoyal66@gmail.com}]]>
              </value>
            </param>
          </params>
          <reporter-output>
          </reporter-output>
        </test-method> <!-- loginErrorValidation -->
        <test-method is-config="true" signature="tearDown()[pri:0, instance:Princyacademy.ErrorValidations@484094a5]" started-at="2025-06-19T13:24:34Z" name="tearDown" finished-at="2025-06-19T13:24:34Z" duration-ms="133" status="PASS">
          <reporter-output>
          </reporter-output>
        </test-method> <!-- tearDown -->
        <test-method is-config="true" signature="launchApplication()[pri:0, instance:Princyacademy.ErrorValidations@484094a5]" started-at="2025-06-19T13:24:34Z" name="launchApplication" finished-at="2025-06-19T13:24:36Z" duration-ms="1596" status="PASS">
          <reporter-output>
          </reporter-output>
        </test-method> <!-- launchApplication -->
        <test-method signature="loginErrorValidation(java.util.HashMap)[pri:0, instance:Princyacademy.ErrorValidations@484094a5]" started-at="2025-06-19T13:24:36Z" name="loginErrorValidation" data-provider="getData" finished-at="2025-06-19T13:24:37Z" duration-ms="1143" status="PASS">
          <params>
            <param index="0">
              <value>
                <![CDATA[{password=@P12345678g@, product=ADIDAS ORIGINAL, email=princygoyal661@gmail.com}]]>
              </value>
            </param>
          </params>
          <reporter-output>
          </reporter-output>
        </test-method> <!-- loginErrorValidation -->
        <test-method is-config="true" signature="tearDown()[pri:0, instance:Princyacademy.ErrorValidations@484094a5]" started-at="2025-06-19T13:24:37Z" name="tearDown" finished-at="2025-06-19T13:24:37Z" duration-ms="64" status="PASS">
          <reporter-output>
          </reporter-output>
        </test-method> <!-- tearDown -->
        <test-method is-config="true" signature="launchApplication()[pri:0, instance:Princyacademy.ErrorValidations@484094a5]" started-at="2025-06-19T13:24:37Z" name="launchApplication" finished-at="2025-06-19T13:24:40Z" duration-ms="2837" status="PASS">
          <reporter-output>
          </reporter-output>
        </test-method> <!-- launchApplication -->
        <test-method signature="productErrorValidation(java.util.HashMap)[pri:0, instance:Princyacademy.ErrorValidations@484094a5]" started-at="2025-06-19T13:24:40Z" name="productErrorValidation" data-provider="getData" finished-at="2025-06-19T13:24:43Z" duration-ms="2801" status="PASS">
          <params>
            <param index="0">
              <value>
                <![CDATA[{password=P12345678g@, product=ADIDAS ORIGINAL, email=princygoyal66@gmail.com}]]>
              </value>
            </param>
          </params>
          <reporter-output>
          </reporter-output>
        </test-method> <!-- productErrorValidation -->
        <test-method is-config="true" signature="tearDown()[pri:0, instance:Princyacademy.ErrorValidations@484094a5]" started-at="2025-06-19T13:24:43Z" name="tearDown" finished-at="2025-06-19T13:24:43Z" duration-ms="75" status="PASS">
          <reporter-output>
          </reporter-output>
        </test-method> <!-- tearDown -->
        <test-method is-config="true" signature="launchApplication()[pri:0, instance:Princyacademy.ErrorValidations@484094a5]" started-at="2025-06-19T13:24:43Z" name="launchApplication" finished-at="2025-06-19T13:24:45Z" duration-ms="2023" status="PASS">
          <reporter-output>
          </reporter-output>
        </test-method> <!-- launchApplication -->
        <test-method signature="productErrorValidation(java.util.HashMap)[pri:0, instance:Princyacademy.ErrorValidations@484094a5]" started-at="2025-06-19T13:24:45Z" name="productErrorValidation" data-provider="getData" finished-at="2025-06-19T13:24:48Z" duration-ms="2820" status="PASS">
          <params>
            <param index="0">
              <value>
                <![CDATA[{password=@P12345678g@, product=ADIDAS ORIGINAL, email=princygoyal661@gmail.com}]]>
              </value>
            </param>
          </params>
          <reporter-output>
          </reporter-output>
        </test-method> <!-- productErrorValidation -->
        <test-method is-config="true" signature="tearDown()[pri:0, instance:Princyacademy.ErrorValidations@484094a5]" started-at="2025-06-19T13:24:48Z" name="tearDown" finished-at="2025-06-19T13:24:48Z" duration-ms="67" status="PASS">
          <reporter-output>
          </reporter-output>
        </test-method> <!-- tearDown -->
      </class> <!-- Princyacademy.ErrorValidations -->
    </test> <!-- Error Validation Test -->
    <test started-at="2025-06-19T13:24:25Z" name="Submit Order Test" finished-at="2025-06-19T13:24:47Z" duration-ms="22534">
      <class name="Princyacademy.SubmitOrder">
        <test-method is-config="true" signature="launchApplication()[pri:0, instance:Princyacademy.SubmitOrder@a4add54]" started-at="2025-06-19T13:24:25Z" name="launchApplication" finished-at="2025-06-19T13:24:33Z" duration-ms="8282" status="PASS">
          <reporter-output>
          </reporter-output>
        </test-method> <!-- launchApplication -->
        <test-method signature="submitOrder(java.util.HashMap)[pri:0, instance:Princyacademy.SubmitOrder@a4add54]" started-at="2025-06-19T13:24:33Z" name="submitOrder" data-provider="getData" finished-at="2025-06-19T13:24:37Z" duration-ms="3645" status="PASS">
          <params>
            <param index="0">
              <value>
                <![CDATA[{password=P12345678g@, product=ADIDAS ORIGINAL, email=princygoyal66@gmail.com}]]>
              </value>
            </param>
          </params>
          <reporter-output>
          </reporter-output>
        </test-method> <!-- submitOrder -->
        <test-method is-config="true" signature="tearDown()[pri:0, instance:Princyacademy.SubmitOrder@a4add54]" started-at="2025-06-19T13:24:37Z" name="tearDown" finished-at="2025-06-19T13:24:37Z" duration-ms="108" status="PASS">
          <reporter-output>
          </reporter-output>
        </test-method> <!-- tearDown -->
        <test-method is-config="true" signature="launchApplication()[pri:0, instance:Princyacademy.SubmitOrder@a4add54]" started-at="2025-06-19T13:24:37Z" name="launchApplication" finished-at="2025-06-19T13:24:39Z" duration-ms="2024" status="PASS">
          <reporter-output>
          </reporter-output>
        </test-method> <!-- launchApplication -->
        <test-method signature="submitOrder(java.util.HashMap)[pri:0, instance:Princyacademy.SubmitOrder@a4add54]" started-at="2025-06-19T13:24:39Z" name="submitOrder" data-provider="getData" finished-at="2025-06-19T13:24:42Z" duration-ms="3405" status="PASS">
          <params>
            <param index="0">
              <value>
                <![CDATA[{password=@P12345678g@, product=ADIDAS ORIGINAL, email=princygoyal661@gmail.com}]]>
              </value>
            </param>
          </params>
          <reporter-output>
          </reporter-output>
        </test-method> <!-- submitOrder -->
        <test-method is-config="true" signature="tearDown()[pri:0, instance:Princyacademy.SubmitOrder@a4add54]" started-at="2025-06-19T13:24:42Z" name="tearDown" finished-at="2025-06-19T13:24:42Z" duration-ms="58" status="PASS">
          <reporter-output>
          </reporter-output>
        </test-method> <!-- tearDown -->
        <test-method is-config="true" signature="launchApplication()[pri:0, instance:Princyacademy.SubmitOrder@a4add54]" started-at="2025-06-19T13:24:42Z" name="launchApplication" finished-at="2025-06-19T13:24:45Z" duration-ms="2207" status="PASS">
          <reporter-output>
          </reporter-output>
        </test-method> <!-- launchApplication -->
        <test-method signature="orderHistory(java.util.HashMap)[pri:0, instance:Princyacademy.SubmitOrder@a4add54]" started-at="2025-06-19T13:24:45Z" name="orderHistory" data-provider="getData" finished-at="2025-06-19T13:24:45Z" depends-on-methods="Princyacademy.SubmitOrder.submitOrder" duration-ms="395" status="PASS">
          <params>
            <param index="0">
              <value>
                <![CDATA[{password=P12345678g@, product=ADIDAS ORIGINAL, email=princygoyal66@gmail.com}]]>
              </value>
            </param>
          </params>
          <reporter-output>
          </reporter-output>
        </test-method> <!-- orderHistory -->
        <test-method is-config="true" signature="tearDown()[pri:0, instance:Princyacademy.SubmitOrder@a4add54]" started-at="2025-06-19T13:24:45Z" name="tearDown" finished-at="2025-06-19T13:24:45Z" duration-ms="112" status="PASS">
          <reporter-output>
          </reporter-output>
        </test-method> <!-- tearDown -->
        <test-method is-config="true" signature="launchApplication()[pri:0, instance:Princyacademy.SubmitOrder@a4add54]" started-at="2025-06-19T13:24:45Z" name="launchApplication" finished-at="2025-06-19T13:24:47Z" duration-ms="1735" status="PASS">
          <reporter-output>
          </reporter-output>
        </test-method> <!-- launchApplication -->
        <test-method signature="orderHistory(java.util.HashMap)[pri:0, instance:Princyacademy.SubmitOrder@a4add54]" started-at="2025-06-19T13:24:47Z" name="orderHistory" data-provider="getData" finished-at="2025-06-19T13:24:47Z" depends-on-methods="Princyacademy.SubmitOrder.submitOrder" duration-ms="394" status="PASS">
          <params>
            <param index="0">
              <value>
                <![CDATA[{password=@P12345678g@, product=ADIDAS ORIGINAL, email=princygoyal661@gmail.com}]]>
              </value>
            </param>
          </params>
          <reporter-output>
          </reporter-output>
        </test-method> <!-- orderHistory -->
        <test-method is-config="true" signature="tearDown()[pri:0, instance:Princyacademy.SubmitOrder@a4add54]" started-at="2025-06-19T13:24:47Z" name="tearDown" finished-at="2025-06-19T13:24:47Z" duration-ms="64" status="PASS">
          <reporter-output>
          </reporter-output>
        </test-method> <!-- tearDown -->
      </class> <!-- Princyacademy.SubmitOrder -->
    </test> <!-- Submit Order Test -->
  </suite> <!-- Suite -->
</testng-results>
